C:\Users\skrishnan\Desktop\test\fileParser\Debug\cl.command.1.tlog
C:\Users\skrishnan\Desktop\test\fileParser\Debug\CL.read.1.tlog
C:\Users\skrishnan\Desktop\test\fileParser\Debug\CL.write.1.tlog
C:\USERS\SKRISHNAN\DESKTOP\TEST\FILEPARSER\DEBUG\FILEPARSER.EXE
C:\USERS\SKRISHNAN\DESKTOP\TEST\FILEPARSER\DEBUG\FILEPARSER.EXE.EMBED.MANIFEST
C:\USERS\SKRISHNAN\DESKTOP\TEST\FILEPARSER\DEBUG\FILEPARSER.EXE.EMBED.MANIFEST.RES
C:\USERS\SKRISHNAN\DESKTOP\TEST\FILEPARSER\DEBUG\FILEPARSER.EXE.INTERMEDIATE.MANIFEST
C:\USERS\SKRISHNAN\DESKTOP\TEST\FILEPARSER\DEBUG\FILEPARSER.ILK
C:\USERS\SKRISHNAN\DESKTOP\TEST\FILEPARSER\DEBUG\FILEPARSER.PDB
C:\Users\skrishnan\Desktop\test\fileParser\Debug\fileParser.vcxprojResolveAssemblyReference.cache
C:\Users\skrishnan\Desktop\test\fileParser\Debug\fileParser.write.1.tlog
C:\Users\skrishnan\Desktop\test\fileParser\Debug\fileParser_manifest.rc
C:\Users\skrishnan\Desktop\test\fileParser\Debug\link.5480.read.1.tlog
C:\Users\skrishnan\Desktop\test\fileParser\Debug\link.5480.write.1.tlog
C:\Users\skrishnan\Desktop\test\fileParser\Debug\link.5480-cvtres.read.1.tlog
C:\Users\skrishnan\Desktop\test\fileParser\Debug\link.5480-cvtres.write.1.tlog
C:\Users\skrishnan\Desktop\test\fileParser\Debug\link.6488.read.1.tlog
C:\Users\skrishnan\Desktop\test\fileParser\Debug\link.6488.write.1.tlog
C:\Users\skrishnan\Desktop\test\fileParser\Debug\link.6488-cvtres.read.1.tlog
C:\Users\skrishnan\Desktop\test\fileParser\Debug\link.6488-cvtres.write.1.tlog
C:\Users\skrishnan\Desktop\test\fileParser\Debug\link.command.1.tlog
C:\Users\skrishnan\Desktop\test\fileParser\Debug\link.read.1.tlog
C:\Users\skrishnan\Desktop\test\fileParser\Debug\link.write.1.tlog
C:\Users\skrishnan\Desktop\test\fileParser\Debug\link-cvtres.read.1.tlog
C:\Users\skrishnan\Desktop\test\fileParser\Debug\link-cvtres.write.1.tlog
C:\USERS\SKRISHNAN\DESKTOP\TEST\FILEPARSER\DEBUG\MAIN.OBJ
C:\Users\skrishnan\Desktop\test\fileParser\Debug\mt.command.1.tlog
C:\Users\skrishnan\Desktop\test\fileParser\Debug\mt.read.1.tlog
C:\Users\skrishnan\Desktop\test\fileParser\Debug\mt.write.1.tlog
C:\Users\skrishnan\Desktop\test\fileParser\Debug\rc.command.1.tlog
C:\Users\skrishnan\Desktop\test\fileParser\Debug\rc.read.1.tlog
C:\Users\skrishnan\Desktop\test\fileParser\Debug\rc.write.1.tlog
C:\Users\skrishnan\Desktop\test\fileParser\Debug\vc100.idb
C:\USERS\SKRISHNAN\DESKTOP\TEST\FILEPARSER\DEBUG\VC100.PDB
